[18:54:47] [Client thread/INFO]: Setting user: Player344
[18:54:52] [Client thread/WARN]: Skipping bad option: lastServer:
[18:54:52] [Client thread/INFO]: LWJGL Version: 2.9.4
[18:54:56] [Client thread/INFO]: Reloading ResourceManager: Default, FMLFileResourcePack:Forge Mod Loader, FMLFileResourcePack:Minecraft Forge
[18:54:59] [Sound Library Loader/INFO]: Starting up SoundSystem...
[18:55:00] [Thread-8/INFO]: Initializing LWJGL OpenAL
[18:55:00] [Thread-8/INFO]: (The LWJGL binding of OpenAL.  For more information, see http://www.lwjgl.org)
[18:55:00] [Thread-8/INFO]: OpenAL initialized.
[18:55:00] [Sound Library Loader/INFO]: Sound engine started
[18:55:04] [Client thread/INFO]: Created: 16x16 textures-atlas
[18:55:05] [Client thread/INFO]: Reloading ResourceManager: Default, FMLFileResourcePack:Forge Mod Loader, FMLFileResourcePack:Minecraft Forge
[18:55:08] [Client thread/INFO]: SoundSystem shutting down...
[18:55:08] [Client thread/WARN]: Author: Paul Lamb, www.paulscode.com
[18:55:08] [Sound Library Loader/INFO]: Starting up SoundSystem...
[18:55:08] [Thread-10/INFO]: Initializing LWJGL OpenAL
[18:55:08] [Thread-10/INFO]: (The LWJGL binding of OpenAL.  For more information, see http://www.lwjgl.org)
[18:55:08] [Thread-10/INFO]: OpenAL initialized.
[18:55:08] [Sound Library Loader/INFO]: Sound engine started
[18:55:11] [Client thread/INFO]: Created: 512x512 textures-atlas
[18:55:13] [Client thread/WARN]: Skipping bad option: lastServer:
[18:55:14] [Realms Notification Availability checker #1/INFO]: Could not authorize you against Realms server: Invalid session id
[18:55:21] [Client thread/INFO]: Stopping!
[18:55:21] [Client thread/INFO]: SoundSystem shutting down...
[18:55:21] [Client thread/WARN]: Author: Paul Lamb, www.paulscode.com
